<?xml version="1.0" encoding="UTF-8"?>
<testng-results total="3" passed="3" failed="0" skipped="0">
  <reporter-output>
  </reporter-output>
  <suite started-at="2022-10-20T11:40:36Z" name="Default suite" finished-at="2022-10-20T11:41:16Z" duration-ms="40369">
    <groups>
    </groups>
    <test started-at="2022-10-20T11:40:36Z" name="Default test" finished-at="2022-10-20T11:41:16Z" duration-ms="40369">
      <class name="tarun_task.orange_class_task">
        <test-method is-config="true" signature="beforetest()[pri:0, instance:tarun_task.orange_class_task@46b61c56]" started-at="2022-10-20T17:10:36Z" name="beforetest" finished-at="2022-10-20T17:10:51Z" duration-ms="14899" status="PASS">
          <reporter-output>
          </reporter-output>
        </test-method> <!-- beforetest -->
        <test-method signature="testcase1()[pri:0, instance:tarun_task.orange_class_task@46b61c56]" started-at="2022-10-20T17:10:51Z" name="testcase1" finished-at="2022-10-20T17:10:55Z" duration-ms="3545" status="PASS">
          <reporter-output>
          </reporter-output>
        </test-method> <!-- testcase1 -->
        <test-method signature="testcase2()[pri:1, instance:tarun_task.orange_class_task@46b61c56]" started-at="2022-10-20T17:10:55Z" name="testcase2" finished-at="2022-10-20T17:11:00Z" duration-ms="5208" status="PASS">
          <reporter-output>
          </reporter-output>
        </test-method> <!-- testcase2 -->
        <test-method signature="testcase3()[pri:2, instance:tarun_task.orange_class_task@46b61c56]" started-at="2022-10-20T17:11:00Z" name="testcase3" finished-at="2022-10-20T17:11:03Z" duration-ms="3578" status="PASS">
          <reporter-output>
          </reporter-output>
        </test-method> <!-- testcase3 -->
        <test-method is-config="true" signature="aftertest()[pri:0, instance:tarun_task.orange_class_task@46b61c56]" started-at="2022-10-20T17:11:03Z" name="aftertest" finished-at="2022-10-20T17:11:16Z" duration-ms="13103" status="PASS">
          <reporter-output>
          </reporter-output>
        </test-method> <!-- aftertest -->
      </class> <!-- tarun_task.orange_class_task -->
    </test> <!-- Default test -->
  </suite> <!-- Default suite -->
</testng-results>
