<?xml version="1.0" encoding="UTF-8"?>
<!-- Generated by org.testng.reporters.JUnitXMLReporter -->
<testsuite hostname="DESKTOP-6894EN5" failures="0" tests="3" name="Default test" time="40.369" errors="0" timestamp="20 Oct 2022 11:41:16 GMT">
  <testcase classname="tarun_task.orange_class_task" name="testcase1" time="3.545"/>
  <testcase classname="tarun_task.orange_class_task" name="testcase2" time="5.208"/>
  <testcase classname="tarun_task.orange_class_task" name="testcase3" time="3.578"/>
</testsuite> <!-- Default test -->
